c:\users\miguel~1\appdata\local\tempvc142.pdb
c:\users\miguel~1\appdata\local\tempvc142.idb
c:\users\miguelángelbuenorive\desktop\upc\c++ for video games\engineshader\debug\polyhedron.obj
c:\users\miguelángelbuenorive\desktop\upc\c++ for video games\engineshader\debug\polygon.obj
c:\users\miguelángelbuenorive\desktop\upc\c++ for video games\engineshader\debug\plane.obj
c:\users\miguelángelbuenorive\desktop\upc\c++ for video games\engineshader\debug\pbvolume.obj
c:\users\miguelángelbuenorive\desktop\upc\c++ for video games\engineshader\debug\obb.obj
c:\users\miguelángelbuenorive\desktop\upc\c++ for video games\engineshader\debug\linesegment2d.obj
c:\users\miguelángelbuenorive\desktop\upc\c++ for video games\engineshader\debug\linesegment.obj
c:\users\miguelángelbuenorive\desktop\upc\c++ for video games\engineshader\debug\line.obj
c:\users\miguelángelbuenorive\desktop\upc\c++ for video games\engineshader\debug\frustum.obj
c:\users\miguelángelbuenorive\desktop\upc\c++ for video games\engineshader\debug\circle2d.obj
c:\users\miguelángelbuenorive\desktop\upc\c++ for video games\engineshader\debug\circle.obj
c:\users\miguelángelbuenorive\desktop\upc\c++ for video games\engineshader\debug\capsule.obj
c:\users\miguelángelbuenorive\desktop\upc\c++ for video games\engineshader\debug\aabb.obj
c:\users\miguelángelbuenorive\desktop\upc\c++ for video games\engineshader\debug\sat.obj
c:\users\miguelángelbuenorive\desktop\upc\c++ for video games\engineshader\debug\lcg.obj
c:\users\miguelángelbuenorive\desktop\upc\c++ for video games\engineshader\debug\gjk2d.obj
c:\users\miguelángelbuenorive\desktop\upc\c++ for video games\engineshader\debug\gjk.obj
c:\users\miguelángelbuenorive\desktop\upc\c++ for video games\engineshader\debug\main.obj
c:\users\miguelángelbuenorive\desktop\upc\c++ for video games\engineshader\debug\log.obj
c:\users\miguelángelbuenorive\desktop\upc\c++ for video games\engineshader\debug\application.obj
c:\users\miguelángelbuenorive\desktop\upc\c++ for video games\engineshader\debug\polynomial.obj
c:\users\miguelángelbuenorive\desktop\upc\c++ for video games\engineshader\debug\minifloat.obj
c:\users\miguelángelbuenorive\desktop\upc\c++ for video games\engineshader\debug\mathops.obj
c:\users\miguelángelbuenorive\desktop\upc\c++ for video games\engineshader\debug\mathlog.obj
c:\users\miguelángelbuenorive\desktop\upc\c++ for video games\engineshader\debug\mathfunc.obj
c:\users\miguelángelbuenorive\desktop\upc\c++ for video games\engineshader\debug\grisu3_cpp.obj
c:\users\miguelángelbuenorive\desktop\upc\c++ for video games\engineshader\debug\float4x4.obj
c:\users\miguelángelbuenorive\desktop\upc\c++ for video games\engineshader\debug\float4d.obj
c:\users\miguelángelbuenorive\desktop\upc\c++ for video games\engineshader\debug\float4.obj
c:\users\miguelángelbuenorive\desktop\upc\c++ for video games\engineshader\debug\float3x4.obj
c:\users\miguelángelbuenorive\desktop\upc\c++ for video games\engineshader\debug\float3x3.obj
c:\users\miguelángelbuenorive\desktop\upc\c++ for video games\engineshader\debug\float3.obj
c:\users\miguelángelbuenorive\desktop\upc\c++ for video games\engineshader\debug\float2.obj
c:\users\miguelángelbuenorive\desktop\upc\c++ for video games\engineshader\debug\callstack.obj
c:\users\miguelángelbuenorive\desktop\upc\c++ for video games\engineshader\debug\bitops.obj
c:\users\miguelángelbuenorive\desktop\upc\c++ for video games\engineshader\debug\trianglemesh.obj
c:\users\miguelángelbuenorive\desktop\upc\c++ for video games\engineshader\debug\triangle2d.obj
c:\users\miguelángelbuenorive\desktop\upc\c++ for video games\engineshader\debug\triangle.obj
c:\users\miguelángelbuenorive\desktop\upc\c++ for video games\engineshader\debug\sphere.obj
c:\users\miguelángelbuenorive\desktop\upc\c++ for video games\engineshader\debug\ray.obj
c:\users\miguelángelbuenorive\desktop\upc\c++ for video games\engineshader\debug\modulewindow.obj
c:\users\miguelángelbuenorive\desktop\upc\c++ for video games\engineshader\debug\moduletime.obj
c:\users\miguelángelbuenorive\desktop\upc\c++ for video games\engineshader\debug\moduletexture.obj
c:\users\miguelángelbuenorive\desktop\upc\c++ for video games\engineshader\debug\modulerender.obj
c:\users\miguelángelbuenorive\desktop\upc\c++ for video games\engineshader\debug\moduleprogram.obj
c:\users\miguelángelbuenorive\desktop\upc\c++ for video games\engineshader\debug\moduleinput.obj
c:\users\miguelángelbuenorive\desktop\upc\c++ for video games\engineshader\debug\model.obj
c:\users\miguelángelbuenorive\desktop\upc\c++ for video games\engineshader\debug\mesh.obj
c:\users\miguelángelbuenorive\desktop\upc\c++ for video games\engineshader\debug\clock.obj
c:\users\miguelángelbuenorive\desktop\upc\c++ for video games\engineshader\debug\transformops.obj
c:\users\miguelángelbuenorive\desktop\upc\c++ for video games\engineshader\debug\ssemath.obj
c:\users\miguelángelbuenorive\desktop\upc\c++ for video games\engineshader\debug\quat.obj
c:\users\miguelángelbuenorive\desktop\upc\c++ for video games\engineshader\debug\modulerenderexercise.obj
c:\users\miguelángelbuenorive\desktop\upc\c++ for video games\engineshader\debug\modulecamera.obj
c:\users\miguelángelbuenorive\desktop\upc\c++ for video games\engineshader\debug\grisu3.obj
c:\users\miguelángelbuenorive\desktop\upc\c++ for video games\engineshader\debug\moduledebugdraw.obj
c:\users\miguelángelbuenorive\desktop\upc\c++ for video games\isitrealengine\debug\linesegment.obj
c:\users\miguelángelbuenorive\desktop\upc\c++ for video games\isitrealengine\debug\line.obj
c:\users\miguelángelbuenorive\desktop\upc\c++ for video games\isitrealengine\debug\frustum.obj
c:\users\miguelángelbuenorive\desktop\upc\c++ for video games\isitrealengine\debug\circle2d.obj
c:\users\miguelángelbuenorive\desktop\upc\c++ for video games\isitrealengine\debug\circle.obj
c:\users\miguelángelbuenorive\desktop\upc\c++ for video games\isitrealengine\debug\capsule.obj
c:\users\miguelángelbuenorive\desktop\upc\c++ for video games\isitrealengine\debug\aabb.obj
c:\users\miguelángelbuenorive\desktop\upc\c++ for video games\isitrealengine\debug\sat.obj
c:\users\miguelángelbuenorive\desktop\upc\c++ for video games\isitrealengine\debug\lcg.obj
c:\users\miguelángelbuenorive\desktop\upc\c++ for video games\isitrealengine\debug\gjk2d.obj
c:\users\miguelángelbuenorive\desktop\upc\c++ for video games\isitrealengine\debug\gjk.obj
c:\users\miguelángelbuenorive\desktop\upc\c++ for video games\isitrealengine\debug\main.obj
c:\users\miguelángelbuenorive\desktop\upc\c++ for video games\isitrealengine\debug\log.obj
c:\users\miguelángelbuenorive\desktop\upc\c++ for video games\isitrealengine\debug\imgui_widgets.obj
c:\users\miguelángelbuenorive\desktop\upc\c++ for video games\isitrealengine\debug\imgui_impl_sdl.obj
c:\users\miguelángelbuenorive\desktop\upc\c++ for video games\isitrealengine\debug\imgui_impl_opengl3.obj
c:\users\miguelángelbuenorive\desktop\upc\c++ for video games\isitrealengine\debug\imgui_draw.obj
c:\users\miguelángelbuenorive\desktop\upc\c++ for video games\isitrealengine\debug\imgui_demo.obj
c:\users\miguelángelbuenorive\desktop\upc\c++ for video games\isitrealengine\debug\imgui.obj
c:\users\miguelángelbuenorive\desktop\upc\c++ for video games\isitrealengine\debug\application.obj
c:\users\miguelángelbuenorive\desktop\upc\c++ for video games\isitrealengine\debug\float4x4.obj
c:\users\miguelángelbuenorive\desktop\upc\c++ for video games\isitrealengine\debug\float4d.obj
c:\users\miguelángelbuenorive\desktop\upc\c++ for video games\isitrealengine\debug\float4.obj
c:\users\miguelángelbuenorive\desktop\upc\c++ for video games\isitrealengine\debug\float3x4.obj
c:\users\miguelángelbuenorive\desktop\upc\c++ for video games\isitrealengine\debug\float3x3.obj
c:\users\miguelángelbuenorive\desktop\upc\c++ for video games\isitrealengine\debug\float3.obj
c:\users\miguelángelbuenorive\desktop\upc\c++ for video games\isitrealengine\debug\float2.obj
c:\users\miguelángelbuenorive\desktop\upc\c++ for video games\isitrealengine\debug\callstack.obj
c:\users\miguelángelbuenorive\desktop\upc\c++ for video games\isitrealengine\debug\bitops.obj
c:\users\miguelángelbuenorive\desktop\upc\c++ for video games\isitrealengine\debug\trianglemesh.obj
c:\users\miguelángelbuenorive\desktop\upc\c++ for video games\isitrealengine\debug\triangle2d.obj
c:\users\miguelángelbuenorive\desktop\upc\c++ for video games\isitrealengine\debug\triangle.obj
c:\users\miguelángelbuenorive\desktop\upc\c++ for video games\isitrealengine\debug\sphere.obj
c:\users\miguelángelbuenorive\desktop\upc\c++ for video games\isitrealengine\debug\ray.obj
c:\users\miguelángelbuenorive\desktop\upc\c++ for video games\isitrealengine\debug\polyhedron.obj
c:\users\miguelángelbuenorive\desktop\upc\c++ for video games\isitrealengine\debug\polygon.obj
c:\users\miguelángelbuenorive\desktop\upc\c++ for video games\isitrealengine\debug\plane.obj
c:\users\miguelángelbuenorive\desktop\upc\c++ for video games\isitrealengine\debug\pbvolume.obj
c:\users\miguelángelbuenorive\desktop\upc\c++ for video games\isitrealengine\debug\obb.obj
c:\users\miguelángelbuenorive\desktop\upc\c++ for video games\isitrealengine\debug\linesegment2d.obj
c:\users\miguelángelbuenorive\desktop\upc\c++ for video games\isitrealengine\debug\moduletime.obj
c:\users\miguelángelbuenorive\desktop\upc\c++ for video games\isitrealengine\debug\moduletexture.obj
c:\users\miguelángelbuenorive\desktop\upc\c++ for video games\isitrealengine\debug\modulerenderexercise.obj
c:\users\miguelángelbuenorive\desktop\upc\c++ for video games\isitrealengine\debug\modulerender.obj
c:\users\miguelángelbuenorive\desktop\upc\c++ for video games\isitrealengine\debug\moduleprogram.obj
c:\users\miguelángelbuenorive\desktop\upc\c++ for video games\isitrealengine\debug\moduleinput.obj
c:\users\miguelángelbuenorive\desktop\upc\c++ for video games\isitrealengine\debug\moduledebugdraw.obj
c:\users\miguelángelbuenorive\desktop\upc\c++ for video games\isitrealengine\debug\modulecamera.obj
c:\users\miguelángelbuenorive\desktop\upc\c++ for video games\isitrealengine\debug\model.obj
c:\users\miguelángelbuenorive\desktop\upc\c++ for video games\isitrealengine\debug\mesh.obj
c:\users\miguelángelbuenorive\desktop\upc\c++ for video games\isitrealengine\debug\clock.obj
c:\users\miguelángelbuenorive\desktop\upc\c++ for video games\isitrealengine\debug\transformops.obj
c:\users\miguelángelbuenorive\desktop\upc\c++ for video games\isitrealengine\debug\ssemath.obj
c:\users\miguelángelbuenorive\desktop\upc\c++ for video games\isitrealengine\debug\quat.obj
c:\users\miguelángelbuenorive\desktop\upc\c++ for video games\isitrealengine\debug\polynomial.obj
c:\users\miguelángelbuenorive\desktop\upc\c++ for video games\isitrealengine\debug\minifloat.obj
c:\users\miguelángelbuenorive\desktop\upc\c++ for video games\isitrealengine\debug\mathops.obj
c:\users\miguelángelbuenorive\desktop\upc\c++ for video games\isitrealengine\debug\mathlog.obj
c:\users\miguelángelbuenorive\desktop\upc\c++ for video games\isitrealengine\debug\mathfunc.obj
c:\users\miguelángelbuenorive\desktop\upc\c++ for video games\isitrealengine\debug\grisu3_cpp.obj
c:\users\miguelángelbuenorive\desktop\upc\c++ for video games\isitrealengine\debug\modulewindow.obj
c:\users\miguelángelbuenorive\desktop\upc\c++ for video games\isitrealengine\debug\grisu3.obj
c:\users\miguelángelbuenorive\desktop\upc\c++ for video games\isitrealengine\debug\moduleeditor.obj
c:\users\miguelángelbuenorive\desktop\upc\c++ for video games\engineshader\debug\enginemaster.exe
c:\users\miguelángelbuenorive\desktop\upc\c++ for video games\engineshader\debug\enginemaster.ilk
c:\users\miguelángelbuenorive\desktop\upc\c++ for video games\engineshader\debug\enginemaster.pdb
c:\users\miguelángelbuenorive\desktop\upc\c++ for video games\isitrealengine\debug\enginemaster.exe
c:\users\miguelángelbuenorive\desktop\upc\c++ for video games\isitrealengine\debug\enginemaster.ilk
c:\users\miguelángelbuenorive\desktop\upc\c++ for video games\isitrealengine\debug\enginemaster.pdb
c:\users\miguelángelbuenorive\desktop\upc\c++ for video games\isitrealengine\debug\enginemaster.tlog\cl.command.1.tlog
c:\users\miguelángelbuenorive\desktop\upc\c++ for video games\isitrealengine\debug\enginemaster.tlog\cl.read.1.tlog
c:\users\miguelángelbuenorive\desktop\upc\c++ for video games\isitrealengine\debug\enginemaster.tlog\cl.write.1.tlog
c:\users\miguelángelbuenorive\desktop\upc\c++ for video games\isitrealengine\debug\enginemaster.tlog\link.command.1.tlog
c:\users\miguelángelbuenorive\desktop\upc\c++ for video games\isitrealengine\debug\enginemaster.tlog\link.read.1.tlog
c:\users\miguelángelbuenorive\desktop\upc\c++ for video games\isitrealengine\debug\enginemaster.tlog\link.write.1.tlog
