  Application.cpp
C:\Users\MiguelÁngelBuenoRive\Desktop\UPC\C++ for Video Games\IsItRealEngine\Model.h(3,10): fatal error C1083: Cannot open include file: 'assimp/scene.h': No such file or directory
  imgui.cpp
  imgui_impl_opengl3.cpp
C:\Users\MiguelÁngelBuenoRive\Desktop\UPC\C++ for Video Games\IsItRealEngine\ImGui\imgui_impl_opengl3.h(82,1): fatal error C1189: #error:  "Cannot detect OpenGL loader!"
  imgui_impl_sdl.cpp
  log.cpp
C:\Users\MiguelÁngelBuenoRive\Desktop\UPC\C++ for Video Games\IsItRealEngine\UIConsole.h(5,10): fatal error C1083: Cannot open include file: 'imgui.h': No such file or directory
  Main.cpp
C:\Users\MiguelÁngelBuenoRive\Desktop\UPC\C++ for Video Games\IsItRealEngine\Model.h(3,10): fatal error C1083: Cannot open include file: 'assimp/scene.h': No such file or directory
  GJK.cpp
C:\Users\MiguelÁngelBuenoRive\Desktop\UPC\C++ for Video Games\IsItRealEngine\MathGeoLib-master\src\Math\float4d.h(197,3): warning C4244: 'argument': conversion from 'const double' to 'float', possible loss of data
C:\Users\MiguelÁngelBuenoRive\Desktop\UPC\C++ for Video Games\IsItRealEngine\MathGeoLib-master\src\Math\float4d.h(198,10): warning C4244: 'argument': conversion from 'const double' to 'float', possible loss of data
C:\Users\MiguelÁngelBuenoRive\Desktop\UPC\C++ for Video Games\IsItRealEngine\MathGeoLib-master\src\Math\float4d.h(203,3): warning C4244: 'argument': conversion from 'const double' to 'float', possible loss of data
C:\Users\MiguelÁngelBuenoRive\Desktop\UPC\C++ for Video Games\IsItRealEngine\MathGeoLib-master\src\Math\float4d.h(204,10): warning C4244: 'argument': conversion from 'const double' to 'float', possible loss of data
  Mesh.cpp
C:\Users\MiguelÁngelBuenoRive\Desktop\UPC\C++ for Video Games\IsItRealEngine\Mesh.h(3,10): fatal error C1083: Cannot open include file: 'assimp/mesh.h': No such file or directory
  Model.cpp
C:\Users\MiguelÁngelBuenoRive\Desktop\UPC\C++ for Video Games\IsItRealEngine\Model.h(3,10): fatal error C1083: Cannot open include file: 'assimp/scene.h': No such file or directory
  Module.cpp
  ModuleCamera.cpp
C:\Users\MiguelÁngelBuenoRive\Desktop\UPC\C++ for Video Games\IsItRealEngine\ModuleCamera.h(4,10): fatal error C1083: Cannot open include file: 'Geometry/Frustum.h': No such file or directory
  ModuleDebugDraw.cpp
C:\Users\MiguelÁngelBuenoRive\Desktop\UPC\C++ for Video Games\IsItRealEngine\ModuleDebugDraw.h(6,10): fatal error C1083: Cannot open include file: 'Math/float4x4.h': No such file or directory
  ModuleEditor.cpp
C:\Users\MiguelÁngelBuenoRive\Desktop\UPC\C++ for Video Games\IsItRealEngine\Model.h(3,10): fatal error C1083: Cannot open include file: 'assimp/scene.h': No such file or directory
  ModuleInput.cpp
C:\Users\MiguelÁngelBuenoRive\Desktop\UPC\C++ for Video Games\IsItRealEngine\Model.h(3,10): fatal error C1083: Cannot open include file: 'assimp/scene.h': No such file or directory
  ModuleProgram.cpp
C:\Users\MiguelÁngelBuenoRive\Desktop\UPC\C++ for Video Games\IsItRealEngine\ModuleProgram.cpp(2,10): fatal error C1083: Cannot open include file: 'GL/glew.h': No such file or directory
  ModuleRender.cpp
C:\Users\MiguelÁngelBuenoRive\Desktop\UPC\C++ for Video Games\IsItRealEngine\Model.h(3,10): fatal error C1083: Cannot open include file: 'assimp/scene.h': No such file or directory
  ModuleRenderExercise.cpp
C:\Users\MiguelÁngelBuenoRive\Desktop\UPC\C++ for Video Games\IsItRealEngine\ModuleRenderExercise.h(3,10): fatal error C1083: Cannot open include file: 'GL/glew.h': No such file or directory
  ModuleTexture.cpp
C:\Users\MiguelÁngelBuenoRive\Desktop\UPC\C++ for Video Games\IsItRealEngine\ModuleTexture.cpp(2,10): fatal error C1083: Cannot open include file: 'IL/il.h': No such file or directory
  UIConsole.cpp
C:\Users\MiguelÁngelBuenoRive\Desktop\UPC\C++ for Video Games\IsItRealEngine\UIConsole.h(5,10): fatal error C1083: Cannot open include file: 'imgui.h': No such file or directory
